awsmovies@0.0.0 D:\DEV\awsmovies
+-- aws-sdk@2.54.0 extraneous
+-- body-parser@1.17.2
| +-- bytes@2.4.0
| +-- content-type@1.0.2
| +-- debug@2.6.7
| +-- depd@1.1.0
| +-- http-errors@1.6.1
| | `-- inherits@2.0.3
| +-- iconv-lite@0.4.15
| +-- on-finished@2.3.0
| | `-- ee-first@1.1.1
| +-- qs@6.4.0
| +-- raw-body@2.2.0
| | `-- unpipe@1.0.0
| `-- type-is@1.6.15
|   +-- media-typer@0.3.0
|   `-- mime-types@2.1.15
|     `-- mime-db@1.27.0
+-- cookie-parser@1.4.3
| +-- cookie@0.3.1
| `-- cookie-signature@1.0.6
+-- debug@2.6.8
| `-- ms@2.0.0
+-- express@4.15.3
| +-- accepts@1.3.3
| | `-- negotiator@0.6.1
| +-- array-flatten@1.1.1
| +-- content-disposition@0.5.2
| +-- debug@2.6.7
| +-- encodeurl@1.0.1
| +-- escape-html@1.0.3
| +-- etag@1.8.0
| +-- finalhandler@1.0.3
| | `-- debug@2.6.7
| +-- fresh@0.5.0
| +-- merge-descriptors@1.0.1
| +-- methods@1.1.2
| +-- parseurl@1.3.1
| +-- path-to-regexp@0.1.7
| +-- proxy-addr@1.1.4
| | +-- forwarded@0.1.0
| | `-- ipaddr.js@1.3.0
| +-- range-parser@1.2.0
| +-- send@0.15.3
| | +-- debug@2.6.7
| | +-- destroy@1.0.4
| | `-- mime@1.3.4
| +-- serve-static@1.12.3
| +-- setprototypeof@1.0.3
| +-- statuses@1.3.1
| +-- utils-merge@1.0.0
| `-- vary@1.1.1
+-- jade@1.11.0
| +-- character-parser@1.2.1
| +-- clean-css@3.4.26
| | +-- commander@2.8.1
| | | `-- graceful-readlink@1.0.1
| | `-- source-map@0.4.4
| |   `-- amdefine@1.0.1
| +-- commander@2.6.0
| +-- constantinople@3.0.2
| | `-- acorn@2.7.0
| +-- jstransformer@0.0.2
| | +-- is-promise@2.1.0
| | `-- promise@6.1.0
| |   `-- asap@1.0.0
| +-- mkdirp@0.5.1
| | `-- minimist@0.0.8
| +-- transformers@2.1.0
| | +-- css@1.0.8
| | | +-- css-parse@1.0.4
| | | `-- css-stringify@1.0.5
| | +-- promise@2.0.0
| | | `-- is-promise@1.0.1
| | `-- uglify-js@2.2.5
| |   +-- optimist@0.3.7
| |   | `-- wordwrap@0.0.3
| |   `-- source-map@0.1.43
| +-- uglify-js@2.8.27
| | +-- source-map@0.5.6
| | +-- uglify-to-browserify@1.0.2
| | `-- yargs@3.10.0
| |   +-- camelcase@1.2.1
| |   +-- cliui@2.1.0
| |   | +-- center-align@0.1.3
| |   | | +-- align-text@0.1.4
| |   | | | +-- kind-of@3.2.2
| |   | | | | `-- is-buffer@1.1.5
| |   | | | +-- longest@1.0.1
| |   | | | `-- repeat-string@1.6.1
| |   | | `-- lazy-cache@1.0.4
| |   | +-- right-align@0.1.3
| |   | `-- wordwrap@0.0.2
| |   +-- decamelize@1.2.0
| |   `-- window-size@0.1.0
| +-- void-elements@2.0.1
| `-- with@4.0.3
|   +-- acorn@1.2.2
|   `-- acorn-globals@1.0.9
+-- morgan@1.8.1
| +-- basic-auth@1.1.0
| +-- debug@2.6.1
| | `-- ms@0.7.2
| `-- on-headers@1.0.1
`-- serve-favicon@2.4.3
  `-- safe-buffer@5.0.1

